2025-07-03 21:00:12,877 - depth_experiment_cifar - INFO - Starting depth experiment for cifar
2025-07-03 21:00:12,877 - depth_experiment_cifar - INFO - Depths: [1, 2, 3, 5, 7], Dropout: False, BatchNorm: False
2025-07-03 21:37:42,976 - depth_experiment_cifar - INFO - Starting depth experiment for cifar
2025-07-03 21:37:42,976 - depth_experiment_cifar - INFO - Depths: [1, 2, 3, 5, 7], Dropout: False, BatchNorm: False
2025-07-03 21:37:50,066 - depth_experiment_cifar - INFO - 
=== Depth: 1 layers ===
2025-07-03 21:37:50,269 - depth_experiment_cifar - INFO - Model parameters: 30,730
2025-07-03 21:37:50,269 - depth_experiment_cifar - INFO - Epoch 1/20
2025-07-03 21:38:04,125 - depth_experiment_cifar - INFO - Epoch 1: Train Loss: 1.9494, Test Loss: 1.8784, Train Acc: 0.3445, Test Acc: 0.3608, Time: 13.86 sec
2025-07-03 21:38:04,125 - depth_experiment_cifar - INFO - Epoch 2/20
2025-07-03 21:38:18,669 - depth_experiment_cifar - INFO - Epoch 2: Train Loss: 1.8781, Test Loss: 1.8518, Train Acc: 0.3701, Test Acc: 0.3748, Time: 14.54 sec
2025-07-03 21:38:18,669 - depth_experiment_cifar - INFO - Epoch 3/20
2025-07-03 21:38:32,490 - depth_experiment_cifar - INFO - Epoch 3: Train Loss: 1.8481, Test Loss: 1.9131, Train Acc: 0.3780, Test Acc: 0.3441, Time: 13.82 sec
2025-07-03 21:38:32,490 - depth_experiment_cifar - INFO - Epoch 4/20
2025-07-03 21:38:46,715 - depth_experiment_cifar - INFO - Epoch 4: Train Loss: 1.8389, Test Loss: 1.9381, Train Acc: 0.3840, Test Acc: 0.3526, Time: 14.23 sec
2025-07-03 21:38:46,715 - depth_experiment_cifar - INFO - Epoch 5/20
2025-07-03 21:39:00,312 - depth_experiment_cifar - INFO - Epoch 5: Train Loss: 1.8222, Test Loss: 1.9097, Train Acc: 0.3875, Test Acc: 0.3456, Time: 13.60 sec
2025-07-03 21:39:00,312 - depth_experiment_cifar - INFO - Epoch 6/20
2025-07-03 21:39:13,856 - depth_experiment_cifar - INFO - Epoch 6: Train Loss: 1.8272, Test Loss: 1.9125, Train Acc: 0.3878, Test Acc: 0.3536, Time: 13.54 sec
2025-07-03 21:39:13,856 - depth_experiment_cifar - INFO - Epoch 7/20
2025-07-03 21:39:27,380 - depth_experiment_cifar - INFO - Epoch 7: Train Loss: 1.8028, Test Loss: 1.9306, Train Acc: 0.3932, Test Acc: 0.3473, Time: 13.52 sec
2025-07-03 21:39:27,380 - depth_experiment_cifar - INFO - Epoch 8/20
2025-07-03 21:39:40,908 - depth_experiment_cifar - INFO - Epoch 8: Train Loss: 1.8103, Test Loss: 1.8979, Train Acc: 0.3897, Test Acc: 0.3579, Time: 13.53 sec
2025-07-03 21:39:40,908 - depth_experiment_cifar - INFO - Epoch 9/20
2025-07-03 21:39:54,747 - depth_experiment_cifar - INFO - Epoch 9: Train Loss: 1.7914, Test Loss: 1.8742, Train Acc: 0.3978, Test Acc: 0.3766, Time: 13.84 sec
2025-07-03 21:39:54,747 - depth_experiment_cifar - INFO - Epoch 10/20
2025-07-03 21:40:08,494 - depth_experiment_cifar - INFO - Epoch 10: Train Loss: 1.7964, Test Loss: 1.8748, Train Acc: 0.3965, Test Acc: 0.3708, Time: 13.75 sec
2025-07-03 21:40:08,494 - depth_experiment_cifar - INFO - Epoch 11/20
2025-07-03 21:40:22,648 - depth_experiment_cifar - INFO - Epoch 11: Train Loss: 1.7818, Test Loss: 1.9307, Train Acc: 0.3986, Test Acc: 0.3575, Time: 14.15 sec
2025-07-03 21:40:22,648 - depth_experiment_cifar - INFO - Epoch 12/20
2025-07-03 21:40:37,099 - depth_experiment_cifar - INFO - Epoch 12: Train Loss: 1.7913, Test Loss: 1.9854, Train Acc: 0.3998, Test Acc: 0.3549, Time: 14.45 sec
2025-07-03 21:40:37,099 - depth_experiment_cifar - INFO - Epoch 13/20
2025-07-03 21:40:51,554 - depth_experiment_cifar - INFO - Epoch 13: Train Loss: 1.7895, Test Loss: 1.9457, Train Acc: 0.4024, Test Acc: 0.3597, Time: 14.46 sec
2025-07-03 21:40:51,554 - depth_experiment_cifar - INFO - Epoch 14/20
2025-07-03 21:41:05,307 - depth_experiment_cifar - INFO - Epoch 14: Train Loss: 1.7910, Test Loss: 2.0480, Train Acc: 0.3999, Test Acc: 0.3457, Time: 13.75 sec
2025-07-03 21:41:05,307 - depth_experiment_cifar - INFO - Epoch 15/20
2025-07-03 21:41:19,092 - depth_experiment_cifar - INFO - Epoch 15: Train Loss: 1.7860, Test Loss: 1.9682, Train Acc: 0.3995, Test Acc: 0.3521, Time: 13.79 sec
2025-07-03 21:41:19,093 - depth_experiment_cifar - INFO - Epoch 16/20
2025-07-03 21:41:32,906 - depth_experiment_cifar - INFO - Epoch 16: Train Loss: 1.7742, Test Loss: 1.9501, Train Acc: 0.4018, Test Acc: 0.3500, Time: 13.81 sec
2025-07-03 21:41:32,906 - depth_experiment_cifar - INFO - Epoch 17/20
2025-07-03 21:41:46,697 - depth_experiment_cifar - INFO - Epoch 17: Train Loss: 1.7714, Test Loss: 1.8968, Train Acc: 0.4035, Test Acc: 0.3658, Time: 13.79 sec
2025-07-03 21:41:46,698 - depth_experiment_cifar - INFO - Epoch 18/20
2025-07-03 21:42:00,824 - depth_experiment_cifar - INFO - Epoch 18: Train Loss: 1.7894, Test Loss: 1.9254, Train Acc: 0.3990, Test Acc: 0.3606, Time: 14.13 sec
2025-07-03 21:42:00,824 - depth_experiment_cifar - INFO - Epoch 19/20
2025-07-03 21:42:14,904 - depth_experiment_cifar - INFO - Epoch 19: Train Loss: 1.7573, Test Loss: 1.9077, Train Acc: 0.4082, Test Acc: 0.3647, Time: 14.08 sec
2025-07-03 21:42:14,904 - depth_experiment_cifar - INFO - Epoch 20/20
2025-07-03 21:42:28,524 - depth_experiment_cifar - INFO - Epoch 20: Train Loss: 1.7728, Test Loss: 1.9810, Train Acc: 0.4055, Test Acc: 0.3580, Time: 13.62 sec
2025-07-03 21:42:28,844 - depth_experiment_cifar - INFO - 
=== Depth: 2 layers ===
2025-07-03 21:42:28,851 - depth_experiment_cifar - INFO - Model parameters: 789,258
2025-07-03 21:42:28,851 - depth_experiment_cifar - INFO - Epoch 1/20
2025-07-03 21:42:42,876 - depth_experiment_cifar - INFO - Epoch 1: Train Loss: 1.7038, Test Loss: 1.5461, Train Acc: 0.4147, Test Acc: 0.4630, Time: 14.02 sec
2025-07-03 21:42:42,876 - depth_experiment_cifar - INFO - Epoch 2/20
2025-07-03 21:42:56,864 - depth_experiment_cifar - INFO - Epoch 2: Train Loss: 1.4648, Test Loss: 1.4768, Train Acc: 0.4898, Test Acc: 0.4771, Time: 13.99 sec
2025-07-03 21:42:56,864 - depth_experiment_cifar - INFO - Epoch 3/20
2025-07-03 21:43:11,636 - depth_experiment_cifar - INFO - Epoch 3: Train Loss: 1.3754, Test Loss: 1.4848, Train Acc: 0.5198, Test Acc: 0.4871, Time: 14.77 sec
2025-07-03 21:43:11,636 - depth_experiment_cifar - INFO - Epoch 4/20
2025-07-03 21:43:25,666 - depth_experiment_cifar - INFO - Epoch 4: Train Loss: 1.3181, Test Loss: 1.4583, Train Acc: 0.5425, Test Acc: 0.4994, Time: 14.03 sec
2025-07-03 21:43:25,666 - depth_experiment_cifar - INFO - Epoch 5/20
2025-07-03 21:43:40,069 - depth_experiment_cifar - INFO - Epoch 5: Train Loss: 1.2609, Test Loss: 1.4399, Train Acc: 0.5622, Test Acc: 0.5050, Time: 14.40 sec
2025-07-03 21:43:40,070 - depth_experiment_cifar - INFO - Epoch 6/20
2025-07-03 21:43:53,889 - depth_experiment_cifar - INFO - Epoch 6: Train Loss: 1.2116, Test Loss: 1.4773, Train Acc: 0.5819, Test Acc: 0.5039, Time: 13.82 sec
2025-07-03 21:43:53,889 - depth_experiment_cifar - INFO - Epoch 7/20
2025-07-03 21:44:07,611 - depth_experiment_cifar - INFO - Epoch 7: Train Loss: 1.1604, Test Loss: 1.4514, Train Acc: 0.6010, Test Acc: 0.5105, Time: 13.72 sec
2025-07-03 21:44:07,611 - depth_experiment_cifar - INFO - Epoch 8/20
2025-07-03 21:44:21,495 - depth_experiment_cifar - INFO - Epoch 8: Train Loss: 1.1178, Test Loss: 1.5146, Train Acc: 0.6149, Test Acc: 0.5122, Time: 13.88 sec
2025-07-03 21:44:21,495 - depth_experiment_cifar - INFO - Epoch 9/20
2025-07-03 21:44:35,491 - depth_experiment_cifar - INFO - Epoch 9: Train Loss: 1.0879, Test Loss: 1.5138, Train Acc: 0.6261, Test Acc: 0.5129, Time: 14.00 sec
2025-07-03 21:44:35,492 - depth_experiment_cifar - INFO - Epoch 10/20
2025-07-03 21:44:49,459 - depth_experiment_cifar - INFO - Epoch 10: Train Loss: 1.0368, Test Loss: 1.4544, Train Acc: 0.6418, Test Acc: 0.5285, Time: 13.97 sec
2025-07-03 21:44:49,459 - depth_experiment_cifar - INFO - Epoch 11/20
2025-07-03 21:45:03,399 - depth_experiment_cifar - INFO - Epoch 11: Train Loss: 1.0001, Test Loss: 1.5578, Train Acc: 0.6561, Test Acc: 0.5084, Time: 13.94 sec
2025-07-03 21:45:03,399 - depth_experiment_cifar - INFO - Epoch 12/20
2025-07-03 21:45:17,513 - depth_experiment_cifar - INFO - Epoch 12: Train Loss: 0.9705, Test Loss: 1.6182, Train Acc: 0.6697, Test Acc: 0.5063, Time: 14.11 sec
2025-07-03 21:45:17,513 - depth_experiment_cifar - INFO - Epoch 13/20
2025-07-03 21:45:31,340 - depth_experiment_cifar - INFO - Epoch 13: Train Loss: 0.9343, Test Loss: 1.6075, Train Acc: 0.6806, Test Acc: 0.5118, Time: 13.83 sec
2025-07-03 21:45:31,340 - depth_experiment_cifar - INFO - Epoch 14/20
2025-07-03 21:45:45,482 - depth_experiment_cifar - INFO - Epoch 14: Train Loss: 0.8956, Test Loss: 1.6147, Train Acc: 0.6950, Test Acc: 0.5117, Time: 14.14 sec
2025-07-03 21:45:45,482 - depth_experiment_cifar - INFO - Epoch 15/20
2025-07-03 21:45:59,151 - depth_experiment_cifar - INFO - Epoch 15: Train Loss: 0.8578, Test Loss: 1.7291, Train Acc: 0.7074, Test Acc: 0.5114, Time: 13.67 sec
2025-07-03 21:45:59,151 - depth_experiment_cifar - INFO - Epoch 16/20
2025-07-03 21:46:12,663 - depth_experiment_cifar - INFO - Epoch 16: Train Loss: 0.8348, Test Loss: 1.7352, Train Acc: 0.7158, Test Acc: 0.5057, Time: 13.51 sec
2025-07-03 21:46:12,663 - depth_experiment_cifar - INFO - Epoch 17/20
2025-07-03 21:46:26,244 - depth_experiment_cifar - INFO - Epoch 17: Train Loss: 0.8105, Test Loss: 1.8003, Train Acc: 0.7237, Test Acc: 0.5021, Time: 13.58 sec
2025-07-03 21:46:26,244 - depth_experiment_cifar - INFO - Epoch 18/20
2025-07-03 21:46:39,883 - depth_experiment_cifar - INFO - Epoch 18: Train Loss: 0.7767, Test Loss: 1.8048, Train Acc: 0.7364, Test Acc: 0.5079, Time: 13.64 sec
2025-07-03 21:46:39,883 - depth_experiment_cifar - INFO - Epoch 19/20
2025-07-03 21:46:54,173 - depth_experiment_cifar - INFO - Epoch 19: Train Loss: 0.7444, Test Loss: 1.9042, Train Acc: 0.7473, Test Acc: 0.4969, Time: 14.29 sec
2025-07-03 21:46:54,173 - depth_experiment_cifar - INFO - Epoch 20/20
2025-07-03 21:47:07,958 - depth_experiment_cifar - INFO - Epoch 20: Train Loss: 0.7229, Test Loss: 1.9183, Train Acc: 0.7535, Test Acc: 0.5050, Time: 13.78 sec
2025-07-03 21:47:08,263 - depth_experiment_cifar - INFO - 
=== Depth: 3 layers ===
2025-07-03 21:47:08,271 - depth_experiment_cifar - INFO - Model parameters: 855,050
2025-07-03 21:47:08,271 - depth_experiment_cifar - INFO - Epoch 1/20
2025-07-03 21:47:22,137 - depth_experiment_cifar - INFO - Epoch 1: Train Loss: 1.6395, Test Loss: 1.4687, Train Acc: 0.4188, Test Acc: 0.4846, Time: 13.87 sec
2025-07-03 21:47:22,137 - depth_experiment_cifar - INFO - Epoch 2/20
2025-07-03 21:47:35,876 - depth_experiment_cifar - INFO - Epoch 2: Train Loss: 1.4347, Test Loss: 1.4366, Train Acc: 0.4947, Test Acc: 0.4949, Time: 13.74 sec
2025-07-03 21:47:35,876 - depth_experiment_cifar - INFO - Epoch 3/20
2025-07-03 21:47:49,629 - depth_experiment_cifar - INFO - Epoch 3: Train Loss: 1.3242, Test Loss: 1.3827, Train Acc: 0.5306, Test Acc: 0.5154, Time: 13.75 sec
2025-07-03 21:47:49,629 - depth_experiment_cifar - INFO - Epoch 4/20
2025-07-03 21:48:04,109 - depth_experiment_cifar - INFO - Epoch 4: Train Loss: 1.2415, Test Loss: 1.3968, Train Acc: 0.5618, Test Acc: 0.5124, Time: 14.48 sec
2025-07-03 21:48:04,109 - depth_experiment_cifar - INFO - Epoch 5/20
2025-07-03 21:48:18,724 - depth_experiment_cifar - INFO - Epoch 5: Train Loss: 1.1690, Test Loss: 1.3848, Train Acc: 0.5874, Test Acc: 0.5214, Time: 14.61 sec
2025-07-03 21:48:18,724 - depth_experiment_cifar - INFO - Epoch 6/20
2025-07-03 21:48:32,886 - depth_experiment_cifar - INFO - Epoch 6: Train Loss: 1.0988, Test Loss: 1.3595, Train Acc: 0.6102, Test Acc: 0.5345, Time: 14.16 sec
2025-07-03 21:48:32,886 - depth_experiment_cifar - INFO - Epoch 7/20
2025-07-03 21:48:46,963 - depth_experiment_cifar - INFO - Epoch 7: Train Loss: 1.0322, Test Loss: 1.4143, Train Acc: 0.6323, Test Acc: 0.5244, Time: 14.08 sec
2025-07-03 21:48:46,963 - depth_experiment_cifar - INFO - Epoch 8/20
2025-07-03 21:49:00,757 - depth_experiment_cifar - INFO - Epoch 8: Train Loss: 0.9716, Test Loss: 1.4351, Train Acc: 0.6535, Test Acc: 0.5355, Time: 13.79 sec
2025-07-03 21:49:00,757 - depth_experiment_cifar - INFO - Epoch 9/20
2025-07-03 21:49:14,641 - depth_experiment_cifar - INFO - Epoch 9: Train Loss: 0.9038, Test Loss: 1.4823, Train Acc: 0.6791, Test Acc: 0.5288, Time: 13.88 sec
2025-07-03 21:49:14,641 - depth_experiment_cifar - INFO - Epoch 10/20
2025-07-03 21:49:28,534 - depth_experiment_cifar - INFO - Epoch 10: Train Loss: 0.8519, Test Loss: 1.5364, Train Acc: 0.6961, Test Acc: 0.5195, Time: 13.89 sec
2025-07-03 21:49:28,534 - depth_experiment_cifar - INFO - Epoch 11/20
2025-07-03 21:49:42,757 - depth_experiment_cifar - INFO - Epoch 11: Train Loss: 0.7906, Test Loss: 1.6398, Train Acc: 0.7180, Test Acc: 0.5214, Time: 14.22 sec
2025-07-03 21:49:42,757 - depth_experiment_cifar - INFO - Epoch 12/20
2025-07-03 21:49:57,154 - depth_experiment_cifar - INFO - Epoch 12: Train Loss: 0.7348, Test Loss: 1.6031, Train Acc: 0.7394, Test Acc: 0.5276, Time: 14.40 sec
2025-07-03 21:49:57,154 - depth_experiment_cifar - INFO - Epoch 13/20
2025-07-03 21:50:10,942 - depth_experiment_cifar - INFO - Epoch 13: Train Loss: 0.6907, Test Loss: 1.6791, Train Acc: 0.7538, Test Acc: 0.5248, Time: 13.79 sec
2025-07-03 21:50:10,942 - depth_experiment_cifar - INFO - Epoch 14/20
2025-07-03 21:50:25,625 - depth_experiment_cifar - INFO - Epoch 14: Train Loss: 0.6445, Test Loss: 1.7635, Train Acc: 0.7709, Test Acc: 0.5219, Time: 14.68 sec
2025-07-03 21:50:25,625 - depth_experiment_cifar - INFO - Epoch 15/20
2025-07-03 21:50:39,423 - depth_experiment_cifar - INFO - Epoch 15: Train Loss: 0.6028, Test Loss: 1.8741, Train Acc: 0.7857, Test Acc: 0.5149, Time: 13.80 sec
2025-07-03 21:50:39,423 - depth_experiment_cifar - INFO - Epoch 16/20
2025-07-03 21:50:53,354 - depth_experiment_cifar - INFO - Epoch 16: Train Loss: 0.5680, Test Loss: 1.8802, Train Acc: 0.7959, Test Acc: 0.5245, Time: 13.93 sec
2025-07-03 21:50:53,354 - depth_experiment_cifar - INFO - Epoch 17/20
2025-07-03 21:51:07,171 - depth_experiment_cifar - INFO - Epoch 17: Train Loss: 0.5226, Test Loss: 2.0095, Train Acc: 0.8135, Test Acc: 0.5216, Time: 13.82 sec
2025-07-03 21:51:07,171 - depth_experiment_cifar - INFO - Epoch 18/20
2025-07-03 21:51:21,780 - depth_experiment_cifar - INFO - Epoch 18: Train Loss: 0.4886, Test Loss: 2.1122, Train Acc: 0.8274, Test Acc: 0.5141, Time: 14.61 sec
2025-07-03 21:51:21,780 - depth_experiment_cifar - INFO - Epoch 19/20
2025-07-03 21:51:35,468 - depth_experiment_cifar - INFO - Epoch 19: Train Loss: 0.4612, Test Loss: 2.1991, Train Acc: 0.8357, Test Acc: 0.5207, Time: 13.69 sec
2025-07-03 21:51:35,468 - depth_experiment_cifar - INFO - Epoch 20/20
2025-07-03 21:51:49,359 - depth_experiment_cifar - INFO - Epoch 20: Train Loss: 0.4359, Test Loss: 2.2693, Train Acc: 0.8445, Test Acc: 0.5185, Time: 13.89 sec
2025-07-03 21:51:49,658 - depth_experiment_cifar - INFO - 
=== Depth: 5 layers ===
2025-07-03 21:51:49,667 - depth_experiment_cifar - INFO - Model parameters: 986,634
2025-07-03 21:51:49,668 - depth_experiment_cifar - INFO - Epoch 1/20
2025-07-03 21:52:03,517 - depth_experiment_cifar - INFO - Epoch 1: Train Loss: 1.6798, Test Loss: 1.5433, Train Acc: 0.3994, Test Acc: 0.4631, Time: 13.85 sec
2025-07-03 21:52:03,517 - depth_experiment_cifar - INFO - Epoch 2/20
2025-07-03 21:52:17,536 - depth_experiment_cifar - INFO - Epoch 2: Train Loss: 1.4544, Test Loss: 1.4338, Train Acc: 0.4863, Test Acc: 0.4971, Time: 14.02 sec
2025-07-03 21:52:17,536 - depth_experiment_cifar - INFO - Epoch 3/20
2025-07-03 21:52:31,523 - depth_experiment_cifar - INFO - Epoch 3: Train Loss: 1.3407, Test Loss: 1.3765, Train Acc: 0.5267, Test Acc: 0.5172, Time: 13.99 sec
2025-07-03 21:52:31,523 - depth_experiment_cifar - INFO - Epoch 4/20
2025-07-03 21:52:46,131 - depth_experiment_cifar - INFO - Epoch 4: Train Loss: 1.2477, Test Loss: 1.3702, Train Acc: 0.5566, Test Acc: 0.5149, Time: 14.61 sec
2025-07-03 21:52:46,131 - depth_experiment_cifar - INFO - Epoch 5/20
2025-07-03 21:53:01,054 - depth_experiment_cifar - INFO - Epoch 5: Train Loss: 1.1690, Test Loss: 1.3418, Train Acc: 0.5873, Test Acc: 0.5291, Time: 14.92 sec
2025-07-03 21:53:01,054 - depth_experiment_cifar - INFO - Epoch 6/20
2025-07-03 21:53:14,942 - depth_experiment_cifar - INFO - Epoch 6: Train Loss: 1.0869, Test Loss: 1.3740, Train Acc: 0.6104, Test Acc: 0.5294, Time: 13.89 sec
2025-07-03 21:53:14,942 - depth_experiment_cifar - INFO - Epoch 7/20
2025-07-03 21:53:29,085 - depth_experiment_cifar - INFO - Epoch 7: Train Loss: 1.0215, Test Loss: 1.3913, Train Acc: 0.6343, Test Acc: 0.5364, Time: 14.14 sec
2025-07-03 21:53:29,085 - depth_experiment_cifar - INFO - Epoch 8/20
2025-07-03 21:53:42,973 - depth_experiment_cifar - INFO - Epoch 8: Train Loss: 0.9541, Test Loss: 1.4034, Train Acc: 0.6575, Test Acc: 0.5368, Time: 13.89 sec
2025-07-03 21:53:42,973 - depth_experiment_cifar - INFO - Epoch 9/20
2025-07-03 21:53:56,903 - depth_experiment_cifar - INFO - Epoch 9: Train Loss: 0.8884, Test Loss: 1.4333, Train Acc: 0.6801, Test Acc: 0.5441, Time: 13.93 sec
2025-07-03 21:53:56,903 - depth_experiment_cifar - INFO - Epoch 10/20
2025-07-03 21:54:11,436 - depth_experiment_cifar - INFO - Epoch 10: Train Loss: 0.8270, Test Loss: 1.4883, Train Acc: 0.6991, Test Acc: 0.5347, Time: 14.53 sec
2025-07-03 21:54:11,437 - depth_experiment_cifar - INFO - Epoch 11/20
2025-07-03 21:54:25,507 - depth_experiment_cifar - INFO - Epoch 11: Train Loss: 0.7634, Test Loss: 1.5711, Train Acc: 0.7228, Test Acc: 0.5330, Time: 14.07 sec
2025-07-03 21:54:25,507 - depth_experiment_cifar - INFO - Epoch 12/20
2025-07-03 21:54:39,482 - depth_experiment_cifar - INFO - Epoch 12: Train Loss: 0.7103, Test Loss: 1.6149, Train Acc: 0.7410, Test Acc: 0.5304, Time: 13.97 sec
2025-07-03 21:54:39,482 - depth_experiment_cifar - INFO - Epoch 13/20
2025-07-03 21:54:53,501 - depth_experiment_cifar - INFO - Epoch 13: Train Loss: 0.6564, Test Loss: 1.7000, Train Acc: 0.7602, Test Acc: 0.5337, Time: 14.02 sec
2025-07-03 21:54:53,501 - depth_experiment_cifar - INFO - Epoch 14/20
2025-07-03 21:55:07,423 - depth_experiment_cifar - INFO - Epoch 14: Train Loss: 0.6022, Test Loss: 1.8332, Train Acc: 0.7799, Test Acc: 0.5215, Time: 13.92 sec
2025-07-03 21:55:07,423 - depth_experiment_cifar - INFO - Epoch 15/20
2025-07-03 21:55:22,146 - depth_experiment_cifar - INFO - Epoch 15: Train Loss: 0.5600, Test Loss: 1.8763, Train Acc: 0.7961, Test Acc: 0.5243, Time: 14.72 sec
2025-07-03 21:55:22,146 - depth_experiment_cifar - INFO - Epoch 16/20
2025-07-03 21:55:36,198 - depth_experiment_cifar - INFO - Epoch 16: Train Loss: 0.5176, Test Loss: 1.9653, Train Acc: 0.8126, Test Acc: 0.5202, Time: 14.05 sec
2025-07-03 21:55:36,198 - depth_experiment_cifar - INFO - Epoch 17/20
2025-07-03 21:55:50,763 - depth_experiment_cifar - INFO - Epoch 17: Train Loss: 0.4806, Test Loss: 2.0930, Train Acc: 0.8245, Test Acc: 0.5234, Time: 14.57 sec
2025-07-03 21:55:50,764 - depth_experiment_cifar - INFO - Epoch 18/20
2025-07-03 21:56:04,593 - depth_experiment_cifar - INFO - Epoch 18: Train Loss: 0.4477, Test Loss: 2.1929, Train Acc: 0.8396, Test Acc: 0.5274, Time: 13.83 sec
2025-07-03 21:56:04,593 - depth_experiment_cifar - INFO - Epoch 19/20
2025-07-03 21:56:18,614 - depth_experiment_cifar - INFO - Epoch 19: Train Loss: 0.4123, Test Loss: 2.2863, Train Acc: 0.8508, Test Acc: 0.5244, Time: 14.02 sec
2025-07-03 21:56:18,614 - depth_experiment_cifar - INFO - Epoch 20/20
2025-07-03 21:56:32,560 - depth_experiment_cifar - INFO - Epoch 20: Train Loss: 0.3880, Test Loss: 2.3365, Train Acc: 0.8602, Test Acc: 0.5262, Time: 13.95 sec
2025-07-03 21:56:32,861 - depth_experiment_cifar - INFO - 
=== Depth: 7 layers ===
2025-07-03 21:56:32,870 - depth_experiment_cifar - INFO - Model parameters: 1,118,218
2025-07-03 21:56:32,870 - depth_experiment_cifar - INFO - Epoch 1/20
2025-07-03 21:56:47,015 - depth_experiment_cifar - INFO - Epoch 1: Train Loss: 1.7480, Test Loss: 1.5753, Train Acc: 0.3654, Test Acc: 0.4444, Time: 14.14 sec
2025-07-03 21:56:47,015 - depth_experiment_cifar - INFO - Epoch 2/20
2025-07-03 21:57:01,303 - depth_experiment_cifar - INFO - Epoch 2: Train Loss: 1.5040, Test Loss: 1.4677, Train Acc: 0.4656, Test Acc: 0.4815, Time: 14.29 sec
2025-07-03 21:57:01,303 - depth_experiment_cifar - INFO - Epoch 3/20
2025-07-03 21:57:15,911 - depth_experiment_cifar - INFO - Epoch 3: Train Loss: 1.3809, Test Loss: 1.3967, Train Acc: 0.5109, Test Acc: 0.5038, Time: 14.61 sec
2025-07-03 21:57:15,911 - depth_experiment_cifar - INFO - Epoch 4/20
2025-07-03 21:57:29,995 - depth_experiment_cifar - INFO - Epoch 4: Train Loss: 1.2860, Test Loss: 1.4027, Train Acc: 0.5461, Test Acc: 0.5022, Time: 14.08 sec
2025-07-03 21:57:29,995 - depth_experiment_cifar - INFO - Epoch 5/20
2025-07-03 21:57:44,665 - depth_experiment_cifar - INFO - Epoch 5: Train Loss: 1.2046, Test Loss: 1.3596, Train Acc: 0.5723, Test Acc: 0.5258, Time: 14.67 sec
2025-07-03 21:57:44,665 - depth_experiment_cifar - INFO - Epoch 6/20
2025-07-03 21:57:58,819 - depth_experiment_cifar - INFO - Epoch 6: Train Loss: 1.1300, Test Loss: 1.3561, Train Acc: 0.6010, Test Acc: 0.5251, Time: 14.15 sec
2025-07-03 21:57:58,819 - depth_experiment_cifar - INFO - Epoch 7/20
2025-07-03 21:58:13,008 - depth_experiment_cifar - INFO - Epoch 7: Train Loss: 1.0609, Test Loss: 1.3442, Train Acc: 0.6227, Test Acc: 0.5363, Time: 14.19 sec
2025-07-03 21:58:13,008 - depth_experiment_cifar - INFO - Epoch 8/20
2025-07-03 21:58:27,946 - depth_experiment_cifar - INFO - Epoch 8: Train Loss: 0.9984, Test Loss: 1.3756, Train Acc: 0.6432, Test Acc: 0.5284, Time: 14.94 sec
2025-07-03 21:58:27,946 - depth_experiment_cifar - INFO - Epoch 9/20
2025-07-03 21:58:42,267 - depth_experiment_cifar - INFO - Epoch 9: Train Loss: 0.9350, Test Loss: 1.4267, Train Acc: 0.6675, Test Acc: 0.5272, Time: 14.32 sec
2025-07-03 21:58:42,267 - depth_experiment_cifar - INFO - Epoch 10/20
2025-07-03 21:58:56,637 - depth_experiment_cifar - INFO - Epoch 10: Train Loss: 0.8804, Test Loss: 1.4483, Train Acc: 0.6852, Test Acc: 0.5338, Time: 14.37 sec
2025-07-03 21:58:56,637 - depth_experiment_cifar - INFO - Epoch 11/20
2025-07-03 21:59:10,905 - depth_experiment_cifar - INFO - Epoch 11: Train Loss: 0.8182, Test Loss: 1.4762, Train Acc: 0.7045, Test Acc: 0.5331, Time: 14.27 sec
2025-07-03 21:59:10,905 - depth_experiment_cifar - INFO - Epoch 12/20
2025-07-03 21:59:25,158 - depth_experiment_cifar - INFO - Epoch 12: Train Loss: 0.7641, Test Loss: 1.5726, Train Acc: 0.7253, Test Acc: 0.5336, Time: 14.25 sec
2025-07-03 21:59:25,158 - depth_experiment_cifar - INFO - Epoch 13/20
2025-07-03 21:59:39,821 - depth_experiment_cifar - INFO - Epoch 13: Train Loss: 0.7136, Test Loss: 1.6075, Train Acc: 0.7451, Test Acc: 0.5360, Time: 14.66 sec
2025-07-03 21:59:39,821 - depth_experiment_cifar - INFO - Epoch 14/20
2025-07-03 21:59:54,394 - depth_experiment_cifar - INFO - Epoch 14: Train Loss: 0.6672, Test Loss: 1.6776, Train Acc: 0.7608, Test Acc: 0.5336, Time: 14.57 sec
2025-07-03 21:59:54,394 - depth_experiment_cifar - INFO - Epoch 15/20
2025-07-03 22:00:09,348 - depth_experiment_cifar - INFO - Epoch 15: Train Loss: 0.6203, Test Loss: 1.7312, Train Acc: 0.7770, Test Acc: 0.5398, Time: 14.95 sec
2025-07-03 22:00:09,348 - depth_experiment_cifar - INFO - Epoch 16/20
2025-07-03 22:00:23,463 - depth_experiment_cifar - INFO - Epoch 16: Train Loss: 0.5847, Test Loss: 1.7710, Train Acc: 0.7919, Test Acc: 0.5367, Time: 14.12 sec
2025-07-03 22:00:23,463 - depth_experiment_cifar - INFO - Epoch 17/20
2025-07-03 22:00:37,788 - depth_experiment_cifar - INFO - Epoch 17: Train Loss: 0.5482, Test Loss: 1.8621, Train Acc: 0.8050, Test Acc: 0.5340, Time: 14.32 sec
2025-07-03 22:00:37,789 - depth_experiment_cifar - INFO - Epoch 18/20
2025-07-03 22:00:52,322 - depth_experiment_cifar - INFO - Epoch 18: Train Loss: 0.5076, Test Loss: 1.9892, Train Acc: 0.8188, Test Acc: 0.5329, Time: 14.53 sec
2025-07-03 22:00:52,322 - depth_experiment_cifar - INFO - Epoch 19/20
2025-07-03 22:01:07,092 - depth_experiment_cifar - INFO - Epoch 19: Train Loss: 0.4790, Test Loss: 1.9900, Train Acc: 0.8303, Test Acc: 0.5280, Time: 14.77 sec
2025-07-03 22:01:07,092 - depth_experiment_cifar - INFO - Epoch 20/20
2025-07-03 22:01:21,242 - depth_experiment_cifar - INFO - Epoch 20: Train Loss: 0.4456, Test Loss: 2.1336, Train Acc: 0.8412, Test Acc: 0.5332, Time: 14.15 sec
2025-07-03 22:01:21,943 - depth_experiment_cifar - INFO - 
==================================================
2025-07-03 22:01:21,943 - depth_experiment_cifar - INFO - CIFAR - Results Summary:
2025-07-03 22:01:21,943 - depth_experiment_cifar - INFO - Depth 1: Test Acc: 0.3580, Time: 278.3 sec, Params: 30,730
2025-07-03 22:01:21,943 - depth_experiment_cifar - INFO - Depth 2: Test Acc: 0.5050, Time: 279.1 sec, Params: 789,258
2025-07-03 22:01:21,943 - depth_experiment_cifar - INFO - Depth 3: Test Acc: 0.5185, Time: 281.1 sec, Params: 855,050
2025-07-03 22:01:21,943 - depth_experiment_cifar - INFO - Depth 5: Test Acc: 0.5262, Time: 282.9 sec, Params: 986,634
2025-07-03 22:01:21,943 - depth_experiment_cifar - INFO - Depth 7: Test Acc: 0.5332, Time: 288.4 sec, Params: 1,118,218
2025-07-03 22:01:21,944 - depth_experiment_cifar - INFO - Results saved to results/depth_experiments/cifar_results.json
2025-07-03 22:01:21,945 - depth_experiment_cifar - INFO - Starting depth experiment for cifar
2025-07-03 22:01:21,945 - depth_experiment_cifar - INFO - Starting depth experiment for cifar
2025-07-03 22:01:21,945 - depth_experiment_cifar - INFO - Depths: [5, 7], Dropout: True, BatchNorm: True
2025-07-03 22:01:21,945 - depth_experiment_cifar - INFO - Depths: [5, 7], Dropout: True, BatchNorm: True
2025-07-03 22:01:23,510 - depth_experiment_cifar - INFO - 
=== Depth: 5 layers ===
2025-07-03 22:01:23,510 - depth_experiment_cifar - INFO - 
=== Depth: 5 layers ===
2025-07-03 22:01:23,519 - depth_experiment_cifar - INFO - Model parameters: 988,682
2025-07-03 22:01:23,519 - depth_experiment_cifar - INFO - Model parameters: 988,682
2025-07-03 22:01:23,520 - depth_experiment_cifar - INFO - Epoch 1/20
2025-07-03 22:01:23,520 - depth_experiment_cifar - INFO - Epoch 1/20
2025-07-03 22:01:37,848 - depth_experiment_cifar - INFO - Epoch 1: Train Loss: 1.9647, Test Loss: 1.6694, Train Acc: 0.2764, Test Acc: 0.3917, Time: 14.33 sec
2025-07-03 22:01:37,848 - depth_experiment_cifar - INFO - Epoch 1: Train Loss: 1.9647, Test Loss: 1.6694, Train Acc: 0.2764, Test Acc: 0.3917, Time: 14.33 sec
2025-07-03 22:01:37,848 - depth_experiment_cifar - INFO - Epoch 2/20
2025-07-03 22:01:37,848 - depth_experiment_cifar - INFO - Epoch 2/20
2025-07-03 22:01:52,434 - depth_experiment_cifar - INFO - Epoch 2: Train Loss: 1.7638, Test Loss: 1.5762, Train Acc: 0.3643, Test Acc: 0.4385, Time: 14.59 sec
2025-07-03 22:01:52,434 - depth_experiment_cifar - INFO - Epoch 2: Train Loss: 1.7638, Test Loss: 1.5762, Train Acc: 0.3643, Test Acc: 0.4385, Time: 14.59 sec
2025-07-03 22:01:52,434 - depth_experiment_cifar - INFO - Epoch 3/20
2025-07-03 22:01:52,434 - depth_experiment_cifar - INFO - Epoch 3/20
2025-07-03 22:02:07,448 - depth_experiment_cifar - INFO - Epoch 3: Train Loss: 1.6883, Test Loss: 1.5170, Train Acc: 0.3933, Test Acc: 0.4590, Time: 15.01 sec
2025-07-03 22:02:07,448 - depth_experiment_cifar - INFO - Epoch 3: Train Loss: 1.6883, Test Loss: 1.5170, Train Acc: 0.3933, Test Acc: 0.4590, Time: 15.01 sec
2025-07-03 22:02:07,448 - depth_experiment_cifar - INFO - Epoch 4/20
2025-07-03 22:02:07,448 - depth_experiment_cifar - INFO - Epoch 4/20
2025-07-03 22:02:22,661 - depth_experiment_cifar - INFO - Epoch 4: Train Loss: 1.6435, Test Loss: 1.4705, Train Acc: 0.4093, Test Acc: 0.4762, Time: 15.21 sec
2025-07-03 22:02:22,661 - depth_experiment_cifar - INFO - Epoch 4: Train Loss: 1.6435, Test Loss: 1.4705, Train Acc: 0.4093, Test Acc: 0.4762, Time: 15.21 sec
2025-07-03 22:02:22,661 - depth_experiment_cifar - INFO - Epoch 5/20
2025-07-03 22:02:22,661 - depth_experiment_cifar - INFO - Epoch 5/20
2025-07-03 22:02:37,038 - depth_experiment_cifar - INFO - Epoch 5: Train Loss: 1.6029, Test Loss: 1.4486, Train Acc: 0.4261, Test Acc: 0.4845, Time: 14.38 sec
2025-07-03 22:02:37,038 - depth_experiment_cifar - INFO - Epoch 5: Train Loss: 1.6029, Test Loss: 1.4486, Train Acc: 0.4261, Test Acc: 0.4845, Time: 14.38 sec
2025-07-03 22:02:37,038 - depth_experiment_cifar - INFO - Epoch 6/20
2025-07-03 22:02:37,038 - depth_experiment_cifar - INFO - Epoch 6/20
2025-07-03 22:02:51,417 - depth_experiment_cifar - INFO - Epoch 6: Train Loss: 1.5765, Test Loss: 1.4111, Train Acc: 0.4381, Test Acc: 0.4983, Time: 14.38 sec
2025-07-03 22:02:51,417 - depth_experiment_cifar - INFO - Epoch 6: Train Loss: 1.5765, Test Loss: 1.4111, Train Acc: 0.4381, Test Acc: 0.4983, Time: 14.38 sec
2025-07-03 22:02:51,417 - depth_experiment_cifar - INFO - Epoch 7/20
2025-07-03 22:02:51,417 - depth_experiment_cifar - INFO - Epoch 7/20
2025-07-03 22:03:05,787 - depth_experiment_cifar - INFO - Epoch 7: Train Loss: 1.5542, Test Loss: 1.4061, Train Acc: 0.4453, Test Acc: 0.4977, Time: 14.37 sec
2025-07-03 22:03:05,787 - depth_experiment_cifar - INFO - Epoch 7: Train Loss: 1.5542, Test Loss: 1.4061, Train Acc: 0.4453, Test Acc: 0.4977, Time: 14.37 sec
2025-07-03 22:03:05,787 - depth_experiment_cifar - INFO - Epoch 8/20
2025-07-03 22:03:05,787 - depth_experiment_cifar - INFO - Epoch 8/20
2025-07-03 22:03:20,716 - depth_experiment_cifar - INFO - Epoch 8: Train Loss: 1.5338, Test Loss: 1.3901, Train Acc: 0.4530, Test Acc: 0.5039, Time: 14.93 sec
2025-07-03 22:03:20,716 - depth_experiment_cifar - INFO - Epoch 8: Train Loss: 1.5338, Test Loss: 1.3901, Train Acc: 0.4530, Test Acc: 0.5039, Time: 14.93 sec
2025-07-03 22:03:20,717 - depth_experiment_cifar - INFO - Epoch 9/20
2025-07-03 22:03:20,717 - depth_experiment_cifar - INFO - Epoch 9/20
2025-07-03 22:03:34,922 - depth_experiment_cifar - INFO - Epoch 9: Train Loss: 1.5084, Test Loss: 1.3674, Train Acc: 0.4633, Test Acc: 0.5105, Time: 14.21 sec
2025-07-03 22:03:34,922 - depth_experiment_cifar - INFO - Epoch 9: Train Loss: 1.5084, Test Loss: 1.3674, Train Acc: 0.4633, Test Acc: 0.5105, Time: 14.21 sec
2025-07-03 22:03:34,923 - depth_experiment_cifar - INFO - Epoch 10/20
2025-07-03 22:03:34,923 - depth_experiment_cifar - INFO - Epoch 10/20
2025-07-03 22:03:49,397 - depth_experiment_cifar - INFO - Epoch 10: Train Loss: 1.4902, Test Loss: 1.3540, Train Acc: 0.4677, Test Acc: 0.5190, Time: 14.47 sec
2025-07-03 22:03:49,397 - depth_experiment_cifar - INFO - Epoch 10: Train Loss: 1.4902, Test Loss: 1.3540, Train Acc: 0.4677, Test Acc: 0.5190, Time: 14.47 sec
2025-07-03 22:03:49,397 - depth_experiment_cifar - INFO - Epoch 11/20
2025-07-03 22:03:49,397 - depth_experiment_cifar - INFO - Epoch 11/20
2025-07-03 22:04:03,545 - depth_experiment_cifar - INFO - Epoch 11: Train Loss: 1.4760, Test Loss: 1.3474, Train Acc: 0.4762, Test Acc: 0.5187, Time: 14.15 sec
2025-07-03 22:04:03,545 - depth_experiment_cifar - INFO - Epoch 11: Train Loss: 1.4760, Test Loss: 1.3474, Train Acc: 0.4762, Test Acc: 0.5187, Time: 14.15 sec
2025-07-03 22:04:03,545 - depth_experiment_cifar - INFO - Epoch 12/20
2025-07-03 22:04:03,545 - depth_experiment_cifar - INFO - Epoch 12/20
2025-07-03 22:04:17,714 - depth_experiment_cifar - INFO - Epoch 12: Train Loss: 1.4589, Test Loss: 1.3342, Train Acc: 0.4816, Test Acc: 0.5302, Time: 14.17 sec
2025-07-03 22:04:17,714 - depth_experiment_cifar - INFO - Epoch 12: Train Loss: 1.4589, Test Loss: 1.3342, Train Acc: 0.4816, Test Acc: 0.5302, Time: 14.17 sec
2025-07-03 22:04:17,714 - depth_experiment_cifar - INFO - Epoch 13/20
2025-07-03 22:04:17,714 - depth_experiment_cifar - INFO - Epoch 13/20
2025-07-03 22:04:32,548 - depth_experiment_cifar - INFO - Epoch 13: Train Loss: 1.4454, Test Loss: 1.3184, Train Acc: 0.4846, Test Acc: 0.5275, Time: 14.83 sec
2025-07-03 22:04:32,548 - depth_experiment_cifar - INFO - Epoch 13: Train Loss: 1.4454, Test Loss: 1.3184, Train Acc: 0.4846, Test Acc: 0.5275, Time: 14.83 sec
2025-07-03 22:04:32,548 - depth_experiment_cifar - INFO - Epoch 14/20
2025-07-03 22:04:32,548 - depth_experiment_cifar - INFO - Epoch 14/20
2025-07-03 22:04:47,695 - depth_experiment_cifar - INFO - Epoch 14: Train Loss: 1.4342, Test Loss: 1.3219, Train Acc: 0.4921, Test Acc: 0.5271, Time: 15.15 sec
2025-07-03 22:04:47,695 - depth_experiment_cifar - INFO - Epoch 14: Train Loss: 1.4342, Test Loss: 1.3219, Train Acc: 0.4921, Test Acc: 0.5271, Time: 15.15 sec
2025-07-03 22:04:47,695 - depth_experiment_cifar - INFO - Epoch 15/20
2025-07-03 22:04:47,695 - depth_experiment_cifar - INFO - Epoch 15/20
2025-07-03 22:05:01,993 - depth_experiment_cifar - INFO - Epoch 15: Train Loss: 1.4264, Test Loss: 1.3027, Train Acc: 0.4963, Test Acc: 0.5348, Time: 14.30 sec
2025-07-03 22:05:01,993 - depth_experiment_cifar - INFO - Epoch 15: Train Loss: 1.4264, Test Loss: 1.3027, Train Acc: 0.4963, Test Acc: 0.5348, Time: 14.30 sec
2025-07-03 22:05:01,993 - depth_experiment_cifar - INFO - Epoch 16/20
2025-07-03 22:05:01,993 - depth_experiment_cifar - INFO - Epoch 16/20
2025-07-03 22:05:16,076 - depth_experiment_cifar - INFO - Epoch 16: Train Loss: 1.4155, Test Loss: 1.3000, Train Acc: 0.5010, Test Acc: 0.5378, Time: 14.08 sec
2025-07-03 22:05:16,076 - depth_experiment_cifar - INFO - Epoch 16: Train Loss: 1.4155, Test Loss: 1.3000, Train Acc: 0.5010, Test Acc: 0.5378, Time: 14.08 sec
2025-07-03 22:05:16,076 - depth_experiment_cifar - INFO - Epoch 17/20
2025-07-03 22:05:16,076 - depth_experiment_cifar - INFO - Epoch 17/20
2025-07-03 22:05:30,259 - depth_experiment_cifar - INFO - Epoch 17: Train Loss: 1.3939, Test Loss: 1.3093, Train Acc: 0.5093, Test Acc: 0.5329, Time: 14.18 sec
2025-07-03 22:05:30,259 - depth_experiment_cifar - INFO - Epoch 17: Train Loss: 1.3939, Test Loss: 1.3093, Train Acc: 0.5093, Test Acc: 0.5329, Time: 14.18 sec
2025-07-03 22:05:30,259 - depth_experiment_cifar - INFO - Epoch 18/20
2025-07-03 22:05:30,259 - depth_experiment_cifar - INFO - Epoch 18/20
2025-07-03 22:05:44,753 - depth_experiment_cifar - INFO - Epoch 18: Train Loss: 1.3836, Test Loss: 1.2943, Train Acc: 0.5099, Test Acc: 0.5414, Time: 14.49 sec
2025-07-03 22:05:44,753 - depth_experiment_cifar - INFO - Epoch 18: Train Loss: 1.3836, Test Loss: 1.2943, Train Acc: 0.5099, Test Acc: 0.5414, Time: 14.49 sec
2025-07-03 22:05:44,753 - depth_experiment_cifar - INFO - Epoch 19/20
2025-07-03 22:05:44,753 - depth_experiment_cifar - INFO - Epoch 19/20
2025-07-03 22:05:59,411 - depth_experiment_cifar - INFO - Epoch 19: Train Loss: 1.3743, Test Loss: 1.2886, Train Acc: 0.5138, Test Acc: 0.5388, Time: 14.66 sec
2025-07-03 22:05:59,411 - depth_experiment_cifar - INFO - Epoch 19: Train Loss: 1.3743, Test Loss: 1.2886, Train Acc: 0.5138, Test Acc: 0.5388, Time: 14.66 sec
2025-07-03 22:05:59,411 - depth_experiment_cifar - INFO - Epoch 20/20
2025-07-03 22:05:59,411 - depth_experiment_cifar - INFO - Epoch 20/20
2025-07-03 22:06:13,721 - depth_experiment_cifar - INFO - Epoch 20: Train Loss: 1.3699, Test Loss: 1.2756, Train Acc: 0.5157, Test Acc: 0.5467, Time: 14.31 sec
2025-07-03 22:06:13,721 - depth_experiment_cifar - INFO - Epoch 20: Train Loss: 1.3699, Test Loss: 1.2756, Train Acc: 0.5157, Test Acc: 0.5467, Time: 14.31 sec
2025-07-03 22:06:14,029 - depth_experiment_cifar - INFO - 
=== Depth: 7 layers ===
2025-07-03 22:06:14,029 - depth_experiment_cifar - INFO - 
=== Depth: 7 layers ===
2025-07-03 22:06:14,041 - depth_experiment_cifar - INFO - Model parameters: 1,121,290
2025-07-03 22:06:14,041 - depth_experiment_cifar - INFO - Model parameters: 1,121,290
2025-07-03 22:06:14,041 - depth_experiment_cifar - INFO - Epoch 1/20
2025-07-03 22:06:14,041 - depth_experiment_cifar - INFO - Epoch 1/20
2025-07-03 22:06:28,648 - depth_experiment_cifar - INFO - Epoch 1: Train Loss: 2.0785, Test Loss: 1.8375, Train Acc: 0.2169, Test Acc: 0.3240, Time: 14.61 sec
2025-07-03 22:06:28,648 - depth_experiment_cifar - INFO - Epoch 1: Train Loss: 2.0785, Test Loss: 1.8375, Train Acc: 0.2169, Test Acc: 0.3240, Time: 14.61 sec
2025-07-03 22:06:28,648 - depth_experiment_cifar - INFO - Epoch 2/20
2025-07-03 22:06:28,648 - depth_experiment_cifar - INFO - Epoch 2/20
2025-07-03 22:06:43,374 - depth_experiment_cifar - INFO - Epoch 2: Train Loss: 1.8605, Test Loss: 1.6811, Train Acc: 0.3118, Test Acc: 0.3907, Time: 14.73 sec
2025-07-03 22:06:43,374 - depth_experiment_cifar - INFO - Epoch 2: Train Loss: 1.8605, Test Loss: 1.6811, Train Acc: 0.3118, Test Acc: 0.3907, Time: 14.73 sec
2025-07-03 22:06:43,375 - depth_experiment_cifar - INFO - Epoch 3/20
2025-07-03 22:06:43,375 - depth_experiment_cifar - INFO - Epoch 3/20
2025-07-03 22:06:58,522 - depth_experiment_cifar - INFO - Epoch 3: Train Loss: 1.7804, Test Loss: 1.6102, Train Acc: 0.3544, Test Acc: 0.4250, Time: 15.15 sec
2025-07-03 22:06:58,522 - depth_experiment_cifar - INFO - Epoch 3: Train Loss: 1.7804, Test Loss: 1.6102, Train Acc: 0.3544, Test Acc: 0.4250, Time: 15.15 sec
2025-07-03 22:06:58,522 - depth_experiment_cifar - INFO - Epoch 4/20
2025-07-03 22:06:58,522 - depth_experiment_cifar - INFO - Epoch 4/20
2025-07-03 22:07:13,868 - depth_experiment_cifar - INFO - Epoch 4: Train Loss: 1.7274, Test Loss: 1.5513, Train Acc: 0.3737, Test Acc: 0.4404, Time: 15.35 sec
2025-07-03 22:07:13,868 - depth_experiment_cifar - INFO - Epoch 4: Train Loss: 1.7274, Test Loss: 1.5513, Train Acc: 0.3737, Test Acc: 0.4404, Time: 15.35 sec
2025-07-03 22:07:13,868 - depth_experiment_cifar - INFO - Epoch 5/20
2025-07-03 22:07:13,868 - depth_experiment_cifar - INFO - Epoch 5/20
2025-07-03 22:07:28,407 - depth_experiment_cifar - INFO - Epoch 5: Train Loss: 1.6850, Test Loss: 1.5240, Train Acc: 0.3946, Test Acc: 0.4578, Time: 14.54 sec
2025-07-03 22:07:28,407 - depth_experiment_cifar - INFO - Epoch 5: Train Loss: 1.6850, Test Loss: 1.5240, Train Acc: 0.3946, Test Acc: 0.4578, Time: 14.54 sec
2025-07-03 22:07:28,407 - depth_experiment_cifar - INFO - Epoch 6/20
2025-07-03 22:07:28,407 - depth_experiment_cifar - INFO - Epoch 6/20
2025-07-03 22:07:42,952 - depth_experiment_cifar - INFO - Epoch 6: Train Loss: 1.6545, Test Loss: 1.4865, Train Acc: 0.4041, Test Acc: 0.4690, Time: 14.54 sec
2025-07-03 22:07:42,952 - depth_experiment_cifar - INFO - Epoch 6: Train Loss: 1.6545, Test Loss: 1.4865, Train Acc: 0.4041, Test Acc: 0.4690, Time: 14.54 sec
2025-07-03 22:07:42,952 - depth_experiment_cifar - INFO - Epoch 7/20
2025-07-03 22:07:42,952 - depth_experiment_cifar - INFO - Epoch 7/20
2025-07-03 22:07:57,791 - depth_experiment_cifar - INFO - Epoch 7: Train Loss: 1.6263, Test Loss: 1.4633, Train Acc: 0.4167, Test Acc: 0.4749, Time: 14.84 sec
2025-07-03 22:07:57,791 - depth_experiment_cifar - INFO - Epoch 7: Train Loss: 1.6263, Test Loss: 1.4633, Train Acc: 0.4167, Test Acc: 0.4749, Time: 14.84 sec
2025-07-03 22:07:57,791 - depth_experiment_cifar - INFO - Epoch 8/20
2025-07-03 22:07:57,791 - depth_experiment_cifar - INFO - Epoch 8/20
2025-07-03 22:08:13,757 - depth_experiment_cifar - INFO - Epoch 8: Train Loss: 1.6019, Test Loss: 1.4440, Train Acc: 0.4297, Test Acc: 0.4840, Time: 15.97 sec
2025-07-03 22:08:13,757 - depth_experiment_cifar - INFO - Epoch 8: Train Loss: 1.6019, Test Loss: 1.4440, Train Acc: 0.4297, Test Acc: 0.4840, Time: 15.97 sec
2025-07-03 22:08:13,757 - depth_experiment_cifar - INFO - Epoch 9/20
2025-07-03 22:08:13,757 - depth_experiment_cifar - INFO - Epoch 9/20
2025-07-03 22:08:29,454 - depth_experiment_cifar - INFO - Epoch 9: Train Loss: 1.5786, Test Loss: 1.4301, Train Acc: 0.4352, Test Acc: 0.4865, Time: 15.70 sec
2025-07-03 22:08:29,454 - depth_experiment_cifar - INFO - Epoch 9: Train Loss: 1.5786, Test Loss: 1.4301, Train Acc: 0.4352, Test Acc: 0.4865, Time: 15.70 sec
2025-07-03 22:08:29,454 - depth_experiment_cifar - INFO - Epoch 10/20
2025-07-03 22:08:29,454 - depth_experiment_cifar - INFO - Epoch 10/20
2025-07-03 22:08:45,168 - depth_experiment_cifar - INFO - Epoch 10: Train Loss: 1.5603, Test Loss: 1.4049, Train Acc: 0.4467, Test Acc: 0.4940, Time: 15.71 sec
2025-07-03 22:08:45,168 - depth_experiment_cifar - INFO - Epoch 10: Train Loss: 1.5603, Test Loss: 1.4049, Train Acc: 0.4467, Test Acc: 0.4940, Time: 15.71 sec
2025-07-03 22:08:45,168 - depth_experiment_cifar - INFO - Epoch 11/20
2025-07-03 22:08:45,168 - depth_experiment_cifar - INFO - Epoch 11/20
2025-07-03 22:09:01,218 - depth_experiment_cifar - INFO - Epoch 11: Train Loss: 1.5461, Test Loss: 1.4010, Train Acc: 0.4492, Test Acc: 0.5024, Time: 16.05 sec
2025-07-03 22:09:01,218 - depth_experiment_cifar - INFO - Epoch 11: Train Loss: 1.5461, Test Loss: 1.4010, Train Acc: 0.4492, Test Acc: 0.5024, Time: 16.05 sec
2025-07-03 22:09:01,218 - depth_experiment_cifar - INFO - Epoch 12/20
2025-07-03 22:09:01,218 - depth_experiment_cifar - INFO - Epoch 12/20
2025-07-03 22:09:17,038 - depth_experiment_cifar - INFO - Epoch 12: Train Loss: 1.5287, Test Loss: 1.3829, Train Acc: 0.4566, Test Acc: 0.5074, Time: 15.82 sec
2025-07-03 22:09:17,038 - depth_experiment_cifar - INFO - Epoch 12: Train Loss: 1.5287, Test Loss: 1.3829, Train Acc: 0.4566, Test Acc: 0.5074, Time: 15.82 sec
2025-07-03 22:09:17,038 - depth_experiment_cifar - INFO - Epoch 13/20
2025-07-03 22:09:17,038 - depth_experiment_cifar - INFO - Epoch 13/20
2025-07-03 22:09:33,483 - depth_experiment_cifar - INFO - Epoch 13: Train Loss: 1.5165, Test Loss: 1.3706, Train Acc: 0.4611, Test Acc: 0.5131, Time: 16.44 sec
2025-07-03 22:09:33,483 - depth_experiment_cifar - INFO - Epoch 13: Train Loss: 1.5165, Test Loss: 1.3706, Train Acc: 0.4611, Test Acc: 0.5131, Time: 16.44 sec
2025-07-03 22:09:33,483 - depth_experiment_cifar - INFO - Epoch 14/20
2025-07-03 22:09:33,483 - depth_experiment_cifar - INFO - Epoch 14/20
2025-07-03 22:09:49,519 - depth_experiment_cifar - INFO - Epoch 14: Train Loss: 1.5035, Test Loss: 1.3597, Train Acc: 0.4661, Test Acc: 0.5135, Time: 16.04 sec
2025-07-03 22:09:49,519 - depth_experiment_cifar - INFO - Epoch 14: Train Loss: 1.5035, Test Loss: 1.3597, Train Acc: 0.4661, Test Acc: 0.5135, Time: 16.04 sec
2025-07-03 22:09:49,519 - depth_experiment_cifar - INFO - Epoch 15/20
2025-07-03 22:09:49,519 - depth_experiment_cifar - INFO - Epoch 15/20
2025-07-03 22:10:05,200 - depth_experiment_cifar - INFO - Epoch 15: Train Loss: 1.4917, Test Loss: 1.3487, Train Acc: 0.4695, Test Acc: 0.5230, Time: 15.68 sec
2025-07-03 22:10:05,200 - depth_experiment_cifar - INFO - Epoch 15: Train Loss: 1.4917, Test Loss: 1.3487, Train Acc: 0.4695, Test Acc: 0.5230, Time: 15.68 sec
2025-07-03 22:10:05,200 - depth_experiment_cifar - INFO - Epoch 16/20
2025-07-03 22:10:05,200 - depth_experiment_cifar - INFO - Epoch 16/20
2025-07-03 22:10:20,480 - depth_experiment_cifar - INFO - Epoch 16: Train Loss: 1.4755, Test Loss: 1.3383, Train Acc: 0.4765, Test Acc: 0.5219, Time: 15.28 sec
2025-07-03 22:10:20,480 - depth_experiment_cifar - INFO - Epoch 16: Train Loss: 1.4755, Test Loss: 1.3383, Train Acc: 0.4765, Test Acc: 0.5219, Time: 15.28 sec
2025-07-03 22:10:20,480 - depth_experiment_cifar - INFO - Epoch 17/20
2025-07-03 22:10:20,480 - depth_experiment_cifar - INFO - Epoch 17/20
2025-07-03 22:10:35,813 - depth_experiment_cifar - INFO - Epoch 17: Train Loss: 1.4638, Test Loss: 1.3452, Train Acc: 0.4788, Test Acc: 0.5232, Time: 15.33 sec
2025-07-03 22:10:35,813 - depth_experiment_cifar - INFO - Epoch 17: Train Loss: 1.4638, Test Loss: 1.3452, Train Acc: 0.4788, Test Acc: 0.5232, Time: 15.33 sec
2025-07-03 22:10:35,814 - depth_experiment_cifar - INFO - Epoch 18/20
2025-07-03 22:10:35,814 - depth_experiment_cifar - INFO - Epoch 18/20
2025-07-03 22:10:51,092 - depth_experiment_cifar - INFO - Epoch 18: Train Loss: 1.4522, Test Loss: 1.3369, Train Acc: 0.4863, Test Acc: 0.5254, Time: 15.28 sec
2025-07-03 22:10:51,092 - depth_experiment_cifar - INFO - Epoch 18: Train Loss: 1.4522, Test Loss: 1.3369, Train Acc: 0.4863, Test Acc: 0.5254, Time: 15.28 sec
2025-07-03 22:10:51,092 - depth_experiment_cifar - INFO - Epoch 19/20
2025-07-03 22:10:51,092 - depth_experiment_cifar - INFO - Epoch 19/20
2025-07-03 22:11:05,901 - depth_experiment_cifar - INFO - Epoch 19: Train Loss: 1.4482, Test Loss: 1.3312, Train Acc: 0.4878, Test Acc: 0.5231, Time: 14.81 sec
2025-07-03 22:11:05,901 - depth_experiment_cifar - INFO - Epoch 19: Train Loss: 1.4482, Test Loss: 1.3312, Train Acc: 0.4878, Test Acc: 0.5231, Time: 14.81 sec
2025-07-03 22:11:05,901 - depth_experiment_cifar - INFO - Epoch 20/20
2025-07-03 22:11:05,901 - depth_experiment_cifar - INFO - Epoch 20/20
2025-07-03 22:11:20,609 - depth_experiment_cifar - INFO - Epoch 20: Train Loss: 1.4394, Test Loss: 1.3277, Train Acc: 0.4893, Test Acc: 0.5275, Time: 14.71 sec
2025-07-03 22:11:20,609 - depth_experiment_cifar - INFO - Epoch 20: Train Loss: 1.4394, Test Loss: 1.3277, Train Acc: 0.4893, Test Acc: 0.5275, Time: 14.71 sec
2025-07-03 22:11:21,136 - depth_experiment_cifar - INFO - 
==================================================
2025-07-03 22:11:21,136 - depth_experiment_cifar - INFO - 
==================================================
2025-07-03 22:11:21,136 - depth_experiment_cifar - INFO - CIFAR - Results Summary:
2025-07-03 22:11:21,136 - depth_experiment_cifar - INFO - CIFAR - Results Summary:
2025-07-03 22:11:21,136 - depth_experiment_cifar - INFO - Depth 5: Test Acc: 0.5467, Time: 290.2 sec, Params: 988,682
2025-07-03 22:11:21,136 - depth_experiment_cifar - INFO - Depth 5: Test Acc: 0.5467, Time: 290.2 sec, Params: 988,682
2025-07-03 22:11:21,136 - depth_experiment_cifar - INFO - Depth 7: Test Acc: 0.5275, Time: 306.6 sec, Params: 1,121,290
2025-07-03 22:11:21,136 - depth_experiment_cifar - INFO - Depth 7: Test Acc: 0.5275, Time: 306.6 sec, Params: 1,121,290
2025-07-03 22:11:21,137 - depth_experiment_cifar - INFO - Results saved to results/depth_experiments/cifar_results.json
2025-07-03 22:11:21,137 - depth_experiment_cifar - INFO - Results saved to results/depth_experiments/cifar_results.json
